{
  "RSpec": {
    "coverage": {
      "/home/elsis/Documents/Ruby/ruby_projects/meal_planner/lib/meal_plan/plan.rb": [
        1,
        1,
        null,
        1,
        null,
        1,
        1,
        null,
        1,
        8,
        null,
        64,
        null,
        null,
        1,
        7,
        null,
        null,
        1,
        3,
        27,
        null,
        null,
        1,
        4,
        null,
        null,
        1,
        1,
        null,
        null,
        1,
        7,
        null,
        null,
        1,
        1,
        null,
        null,
        1,
        1,
        11,
        1,
        null,
        null,
        1,
        2,
        16,
        2,
        null,
        null,
        null
      ],
      "/home/elsis/Documents/Ruby/ruby_projects/meal_planner/lib/meal_plan/meal_day.rb": [
        1,
        null,
        1,
        1,
        87,
        null,
        null,
        1,
        37,
        null,
        null,
        1,
        1,
        null,
        null,
        1,
        16,
        null,
        null,
        1,
        8,
        null,
        null,
        1,
        1,
        null,
        null,
        1,
        2,
        null,
        null,
        1,
        15,
        30,
        15,
        null,
        null,
        null
      ],
      "/home/elsis/Documents/Ruby/ruby_projects/meal_planner/lib/meal_plan/meal.rb": [
        1,
        1,
        null,
        1,
        null,
        null,
        1,
        1,
        null,
        1,
        17,
        17,
        null,
        null,
        1,
        11,
        null,
        null,
        1,
        1,
        null,
        null,
        1,
        1,
        null,
        null,
        1,
        4,
        null,
        null,
        1,
        16,
        32,
        16,
        null,
        null,
        null
      ],
      "/home/elsis/Documents/Ruby/ruby_projects/meal_planner/lib/meal_plan/meal_item.rb": [
        1,
        null,
        1,
        1,
        15,
        15,
        null,
        null,
        1,
        17,
        null,
        null,
        1,
        1,
        null,
        null,
        1,
        1,
        null,
        null,
        1,
        1,
        null,
        null,
        null
      ],
      "/home/elsis/Documents/Ruby/ruby_projects/meal_planner/lib/meal_plan/product.rb": [
        1,
        null,
        null,
        1,
        1,
        null,
        1,
        17,
        17,
        17,
        17,
        null,
        null,
        1,
        18,
        null,
        null,
        null
      ],
      "/home/elsis/Documents/Ruby/ruby_projects/meal_planner/spec/meal_item_spec.rb": [
        1,
        null,
        null,
        1,
        1,
        5,
        5,
        5,
        null,
        1,
        1,
        1,
        null,
        null,
        1,
        1,
        null,
        null,
        1,
        1,
        null,
        null,
        1,
        1,
        null,
        null,
        null,
        null
      ],
      "/home/elsis/Documents/Ruby/ruby_projects/meal_planner/spec/meal_spec.rb": [
        1,
        null,
        null,
        1,
        1,
        7,
        7,
        4,
        5,
        null,
        1,
        1,
        1,
        null,
        null,
        1,
        1,
        null,
        null,
        null,
        1,
        1,
        1,
        1,
        null,
        null,
        1,
        1,
        1,
        1,
        null,
        null,
        1,
        1,
        5,
        null,
        1,
        1,
        null,
        null,
        null,
        1,
        1,
        1,
        1,
        null,
        null,
        null,
        null
      ],
      "/home/elsis/Documents/Ruby/ruby_projects/meal_planner/spec/plan_spec.rb": [
        1,
        null,
        null,
        1,
        1,
        9,
        9,
        5,
        2,
        2,
        null,
        1,
        1,
        1,
        null,
        null,
        null,
        1,
        1,
        1,
        1,
        1,
        null,
        null,
        1,
        1,
        1,
        1,
        null,
        null,
        null,
        1,
        1,
        1,
        1,
        1,
        null,
        null,
        1,
        1,
        1,
        1,
        1,
        1,
        null,
        null,
        1,
        1,
        11,
        1,
        1,
        null,
        null,
        1,
        1,
        8,
        1,
        null,
        null,
        1,
        1,
        8,
        1,
        null,
        null,
        null,
        null
      ],
      "/home/elsis/Documents/Ruby/ruby_projects/meal_planner/spec/product_spec.rb": [
        1,
        null,
        null,
        1,
        1,
        3,
        3,
        3,
        3,
        3,
        null,
        1,
        1,
        1,
        null,
        null,
        1,
        1,
        null,
        null,
        null,
        null
      ]
    },
    "timestamp": 1508856095
  }
}
